<?xml version="1.0" encoding="UTF-8"?>
<testsuite name="br.com.rp.repository.PessoaRepositoryTest" time="6.396" tests="1" errors="1" skipped="0" failures="0">
  <properties>
[...]
</properties>
  <testcase name="br.com.rp.repository.PessoaRepositoryTest" classname="br.com.rp.repository.PessoaRepositoryTest" time="6.396">
    <error message="Cannot deploy: vbank.war" type="org.jboss.arquillian.container.spi.client.container.DeploymentException">org.jboss.arquillian.container.spi.client.container.DeploymentException: Cannot deploy: vbank.war
	at org.jboss.as.arquillian.container.ArchiveDeployer.deployInternal(ArchiveDeployer.java:83)
	at org.jboss.as.arquillian.container.ArchiveDeployer.deployInternal(ArchiveDeployer.java:64)
	at org.jboss.as.arquillian.container.ArchiveDeployer.deploy(ArchiveDeployer.java:46)
	at org.jboss.as.arquillian.container.CommonDeployableContainer.deploy(CommonDeployableContainer.java:146)
	at org.jboss.arquillian.container.impl.client.container.ContainerDeployController$3.call(ContainerDeployController.java:161)
	at org.jboss.arquillian.container.impl.client.container.ContainerDeployController$3.call(ContainerDeployController.java:128)
	at org.jboss.arquillian.container.impl.client.container.ContainerDeployController.executeOperation(ContainerDeployController.java:271)
	at org.jboss.arquillian.container.impl.client.container.ContainerDeployController.deploy(ContainerDeployController.java:127)
	at sun.reflect.NativeMethodAccessorImpl.invoke0(Native Method)
	at sun.reflect.NativeMethodAccessorImpl.invoke(NativeMethodAccessorImpl.java:62)
	at sun.reflect.DelegatingMethodAccessorImpl.invoke(DelegatingMethodAccessorImpl.java:43)
	at java.lang.reflect.Method.invoke(Method.java:498)
	at org.jboss.arquillian.core.impl.ObserverImpl.invoke(ObserverImpl.java:94)
	at org.jboss.arquillian.core.impl.EventContextImpl.invokeObservers(EventContextImpl.java:99)
	at org.jboss.arquillian.core.impl.EventContextImpl.proceed(EventContextImpl.java:81)
	at org.jboss.arquillian.container.impl.client.container.DeploymentExceptionHandler.verifyExpectedExceptionDuringDeploy(DeploymentExceptionHandler.java:50)
	at sun.reflect.NativeMethodAccessorImpl.invoke0(Native Method)
	at sun.reflect.NativeMethodAccessorImpl.invoke(NativeMethodAccessorImpl.java:62)
	at sun.reflect.DelegatingMethodAccessorImpl.invoke(DelegatingMethodAccessorImpl.java:43)
	at java.lang.reflect.Method.invoke(Method.java:498)
	at org.jboss.arquillian.core.impl.ObserverImpl.invoke(ObserverImpl.java:94)
	at org.jboss.arquillian.core.impl.EventContextImpl.proceed(EventContextImpl.java:88)
	at org.jboss.arquillian.container.impl.client.ContainerDeploymentContextHandler.createDeploymentContext(ContainerDeploymentContextHandler.java:78)
	at sun.reflect.NativeMethodAccessorImpl.invoke0(Native Method)
	at sun.reflect.NativeMethodAccessorImpl.invoke(NativeMethodAccessorImpl.java:62)
	at sun.reflect.DelegatingMethodAccessorImpl.invoke(DelegatingMethodAccessorImpl.java:43)
	at java.lang.reflect.Method.invoke(Method.java:498)
	at org.jboss.arquillian.core.impl.ObserverImpl.invoke(ObserverImpl.java:94)
	at org.jboss.arquillian.core.impl.EventContextImpl.proceed(EventContextImpl.java:88)
	at org.jboss.arquillian.container.impl.client.ContainerDeploymentContextHandler.createContainerContext(ContainerDeploymentContextHandler.java:57)
	at sun.reflect.NativeMethodAccessorImpl.invoke0(Native Method)
	at sun.reflect.NativeMethodAccessorImpl.invoke(NativeMethodAccessorImpl.java:62)
	at sun.reflect.DelegatingMethodAccessorImpl.invoke(DelegatingMethodAccessorImpl.java:43)
	at java.lang.reflect.Method.invoke(Method.java:498)
	at org.jboss.arquillian.core.impl.ObserverImpl.invoke(ObserverImpl.java:94)
	at org.jboss.arquillian.core.impl.EventContextImpl.proceed(EventContextImpl.java:88)
	at org.jboss.arquillian.core.impl.ManagerImpl.fire(ManagerImpl.java:135)
	at org.jboss.arquillian.core.impl.ManagerImpl.fire(ManagerImpl.java:115)
	at org.jboss.arquillian.core.impl.EventImpl.fire(EventImpl.java:67)
	at org.jboss.arquillian.container.impl.client.container.ContainerDeployController$1.perform(ContainerDeployController.java:95)
	at org.jboss.arquillian.container.impl.client.container.ContainerDeployController$1.perform(ContainerDeployController.java:80)
	at org.jboss.arquillian.container.impl.client.container.ContainerDeployController.forEachDeployment(ContainerDeployController.java:263)
	at org.jboss.arquillian.container.impl.client.container.ContainerDeployController.forEachManagedDeployment(ContainerDeployController.java:239)
	at org.jboss.arquillian.container.impl.client.container.ContainerDeployController.deployManaged(ContainerDeployController.java:79)
	at sun.reflect.NativeMethodAccessorImpl.invoke0(Native Method)
	at sun.reflect.NativeMethodAccessorImpl.invoke(NativeMethodAccessorImpl.java:62)
	at sun.reflect.DelegatingMethodAccessorImpl.invoke(DelegatingMethodAccessorImpl.java:43)
	at java.lang.reflect.Method.invoke(Method.java:498)
	at org.jboss.arquillian.core.impl.ObserverImpl.invoke(ObserverImpl.java:94)
	at org.jboss.arquillian.core.impl.EventContextImpl.invokeObservers(EventContextImpl.java:99)
	at org.jboss.arquillian.core.impl.EventContextImpl.proceed(EventContextImpl.java:81)
	at org.jboss.arquillian.core.impl.ManagerImpl.fire(ManagerImpl.java:135)
	at org.jboss.arquillian.core.impl.ManagerImpl.fire(ManagerImpl.java:115)
	at org.jboss.arquillian.core.impl.EventImpl.fire(EventImpl.java:67)
	at org.jboss.arquillian.container.test.impl.client.ContainerEventController.execute(ContainerEventController.java:101)
	at sun.reflect.NativeMethodAccessorImpl.invoke0(Native Method)
	at sun.reflect.NativeMethodAccessorImpl.invoke(NativeMethodAccessorImpl.java:62)
	at sun.reflect.DelegatingMethodAccessorImpl.invoke(DelegatingMethodAccessorImpl.java:43)
	at java.lang.reflect.Method.invoke(Method.java:498)
	at org.jboss.arquillian.core.impl.ObserverImpl.invoke(ObserverImpl.java:94)
	at org.jboss.arquillian.core.impl.EventContextImpl.invokeObservers(EventContextImpl.java:99)
	at org.jboss.arquillian.core.impl.EventContextImpl.proceed(EventContextImpl.java:81)
	at org.jboss.arquillian.test.impl.TestContextHandler.createClassContext(TestContextHandler.java:84)
	at sun.reflect.NativeMethodAccessorImpl.invoke0(Native Method)
	at sun.reflect.NativeMethodAccessorImpl.invoke(NativeMethodAccessorImpl.java:62)
	at sun.reflect.DelegatingMethodAccessorImpl.invoke(DelegatingMethodAccessorImpl.java:43)
	at java.lang.reflect.Method.invoke(Method.java:498)
	at org.jboss.arquillian.core.impl.ObserverImpl.invoke(ObserverImpl.java:94)
	at org.jboss.arquillian.core.impl.EventContextImpl.proceed(EventContextImpl.java:88)
	at org.jboss.arquillian.test.impl.TestContextHandler.createSuiteContext(TestContextHandler.java:65)
	at sun.reflect.NativeMethodAccessorImpl.invoke0(Native Method)
	at sun.reflect.NativeMethodAccessorImpl.invoke(NativeMethodAccessorImpl.java:62)
	at sun.reflect.DelegatingMethodAccessorImpl.invoke(DelegatingMethodAccessorImpl.java:43)
	at java.lang.reflect.Method.invoke(Method.java:498)
	at org.jboss.arquillian.core.impl.ObserverImpl.invoke(ObserverImpl.java:94)
	at org.jboss.arquillian.core.impl.EventContextImpl.proceed(EventContextImpl.java:88)
	at org.jboss.arquillian.core.impl.ManagerImpl.fire(ManagerImpl.java:135)
	at org.jboss.arquillian.core.impl.ManagerImpl.fire(ManagerImpl.java:115)
	at org.jboss.arquillian.test.impl.EventTestRunnerAdaptor.beforeClass(EventTestRunnerAdaptor.java:80)
	at org.jboss.arquillian.junit.Arquillian$2.evaluate(Arquillian.java:182)
	at org.jboss.arquillian.junit.Arquillian.multiExecute(Arquillian.java:314)
	at org.jboss.arquillian.junit.Arquillian.access$100(Arquillian.java:46)
	at org.jboss.arquillian.junit.Arquillian$3.evaluate(Arquillian.java:199)
	at org.junit.runners.ParentRunner.run(ParentRunner.java:363)
	at org.jboss.arquillian.junit.Arquillian.run(Arquillian.java:147)
	at org.apache.maven.surefire.junit4.JUnit4Provider.execute(JUnit4Provider.java:264)
	at org.apache.maven.surefire.junit4.JUnit4Provider.executeTestSet(JUnit4Provider.java:153)
	at org.apache.maven.surefire.junit4.JUnit4Provider.invoke(JUnit4Provider.java:124)
	at org.apache.maven.surefire.booter.ForkedBooter.invokeProviderInSameClassLoader(ForkedBooter.java:200)
	at org.apache.maven.surefire.booter.ForkedBooter.runSuitesInProcess(ForkedBooter.java:153)
	at org.apache.maven.surefire.booter.ForkedBooter.main(ForkedBooter.java:103)
Caused by: java.lang.Exception: {
    "WFLYCTL0080: Failed services" => {"jboss.persistenceunit.\"vbank.war#vbankpu\"" => "org.jboss.msc.service.StartException in service jboss.persistenceunit.\"vbank.war#vbankpu\": javax.persistence.PersistenceException: [PersistenceUnit: vbankpu] Unable to build Hibernate SessionFactory
    Caused by: javax.persistence.PersistenceException: [PersistenceUnit: vbankpu] Unable to build Hibernate SessionFactory
    Caused by: org.hibernate.MappingException: Could not determine type for: java.util.List, at table: EmprestarLivro, for columns: [org.hibernate.mapping.Column(livros)]"},
    "WFLYCTL0412: Required services that are not installed:" => ["jboss.persistenceunit.\"vbank.war#vbankpu\""],
    "WFLYCTL0180: Services with missing/unavailable dependencies" => undefined
}
	at org.jboss.as.controller.client.helpers.standalone.impl.ServerDeploymentPlanResultFuture.getActionResult(ServerDeploymentPlanResultFuture.java:134)
	at org.jboss.as.controller.client.helpers.standalone.impl.ServerDeploymentPlanResultFuture.getResultFromNode(ServerDeploymentPlanResultFuture.java:123)
	at org.jboss.as.controller.client.helpers.standalone.impl.ServerDeploymentPlanResultFuture.get(ServerDeploymentPlanResultFuture.java:85)
	at org.jboss.as.controller.client.helpers.standalone.impl.ServerDeploymentPlanResultFuture.get(ServerDeploymentPlanResultFuture.java:42)
	at org.jboss.as.controller.client.helpers.standalone.ServerDeploymentHelper.deploy(ServerDeploymentHelper.java:55)
	at org.jboss.as.arquillian.container.ArchiveDeployer.deployInternal(ArchiveDeployer.java:77)
	at org.jboss.as.arquillian.container.ArchiveDeployer.deployInternal(ArchiveDeployer.java:64)
	at org.jboss.as.arquillian.container.ArchiveDeployer.deploy(ArchiveDeployer.java:46)
	at org.jboss.as.arquillian.container.CommonDeployableContainer.deploy(CommonDeployableContainer.java:146)
	at org.jboss.arquillian.container.impl.client.container.ContainerDeployController$3.call(ContainerDeployController.java:161)
	at org.jboss.arquillian.container.impl.client.container.ContainerDeployController$3.call(ContainerDeployController.java:128)
	at org.jboss.arquillian.container.impl.client.container.ContainerDeployController.executeOperation(ContainerDeployController.java:271)
	at org.jboss.arquillian.container.impl.client.container.ContainerDeployController.deploy(ContainerDeployController.java:127)
	at sun.reflect.NativeMethodAccessorImpl.invoke0(Native Method)
	at sun.reflect.NativeMethodAccessorImpl.invoke(NativeMethodAccessorImpl.java:62)
	at sun.reflect.DelegatingMethodAccessorImpl.invoke(DelegatingMethodAccessorImpl.java:43)
	at java.lang.reflect.Method.invoke(Method.java:498)
	at org.jboss.arquillian.core.impl.ObserverImpl.invoke(ObserverImpl.java:94)
	at org.jboss.arquillian.core.impl.EventContextImpl.invokeObservers(EventContextImpl.java:99)
	at org.jboss.arquillian.core.impl.EventContextImpl.proceed(EventContextImpl.java:81)
	at org.jboss.arquillian.container.impl.client.container.DeploymentExceptionHandler.verifyExpectedExceptionDuringDeploy(DeploymentExceptionHandler.java:50)
	at sun.reflect.NativeMethodAccessorImpl.invoke0(Native Method)
	at sun.reflect.NativeMethodAccessorImpl.invoke(NativeMethodAccessorImpl.java:62)
	at sun.reflect.DelegatingMethodAccessorImpl.invoke(DelegatingMethodAccessorImpl.java:43)
	at java.lang.reflect.Method.invoke(Method.java:498)
	at org.jboss.arquillian.core.impl.ObserverImpl.invoke(ObserverImpl.java:94)
	at org.jboss.arquillian.core.impl.EventContextImpl.proceed(EventContextImpl.java:88)
	at org.jboss.arquillian.container.impl.client.ContainerDeploymentContextHandler.createDeploymentContext(ContainerDeploymentContextHandler.java:78)
	at sun.reflect.NativeMethodAccessorImpl.invoke0(Native Method)
	at sun.reflect.NativeMethodAccessorImpl.invoke(NativeMethodAccessorImpl.java:62)
	at sun.reflect.DelegatingMethodAccessorImpl.invoke(DelegatingMethodAccessorImpl.java:43)
	at java.lang.reflect.Method.invoke(Method.java:498)
	at org.jboss.arquillian.core.impl.ObserverImpl.invoke(ObserverImpl.java:94)
	at org.jboss.arquillian.core.impl.EventContextImpl.proceed(EventContextImpl.java:88)
	at org.jboss.arquillian.container.impl.client.ContainerDeploymentContextHandler.createContainerContext(ContainerDeploymentContextHandler.java:57)
	at sun.reflect.NativeMethodAccessorImpl.invoke0(Native Method)
	at sun.reflect.NativeMethodAccessorImpl.invoke(NativeMethodAccessorImpl.java:62)
	at sun.reflect.DelegatingMethodAccessorImpl.invoke(DelegatingMethodAccessorImpl.java:43)
	at java.lang.reflect.Method.invoke(Method.java:498)
	at org.jboss.arquillian.core.impl.ObserverImpl.invoke(ObserverImpl.java:94)
	at org.jboss.arquillian.core.impl.EventContextImpl.proceed(EventContextImpl.java:88)
	at org.jboss.arquillian.core.impl.ManagerImpl.fire(ManagerImpl.java:135)
	at org.jboss.arquillian.core.impl.ManagerImpl.fire(ManagerImpl.java:115)
	at org.jboss.arquillian.core.impl.EventImpl.fire(EventImpl.java:67)
	at org.jboss.arquillian.container.impl.client.container.ContainerDeployController$1.perform(ContainerDeployController.java:95)
	at org.jboss.arquillian.container.impl.client.container.ContainerDeployController$1.perform(ContainerDeployController.java:80)
	at org.jboss.arquillian.container.impl.client.container.ContainerDeployController.forEachDeployment(ContainerDeployController.java:263)
	at org.jboss.arquillian.container.impl.client.container.ContainerDeployController.forEachManagedDeployment(ContainerDeployController.java:239)
	at org.jboss.arquillian.container.impl.client.container.ContainerDeployController.deployManaged(ContainerDeployController.java:79)
	at sun.reflect.NativeMethodAccessorImpl.invoke0(Native Method)
	at sun.reflect.NativeMethodAccessorImpl.invoke(NativeMethodAccessorImpl.java:62)
	at sun.reflect.DelegatingMethodAccessorImpl.invoke(DelegatingMethodAccessorImpl.java:43)
	at java.lang.reflect.Method.invoke(Method.java:498)
	at org.jboss.arquillian.core.impl.ObserverImpl.invoke(ObserverImpl.java:94)
	at org.jboss.arquillian.core.impl.EventContextImpl.invokeObservers(EventContextImpl.java:99)
	at org.jboss.arquillian.core.impl.EventContextImpl.proceed(EventContextImpl.java:81)
	at org.jboss.arquillian.core.impl.ManagerImpl.fire(ManagerImpl.java:135)
	at org.jboss.arquillian.core.impl.ManagerImpl.fire(ManagerImpl.java:115)
	at org.jboss.arquillian.core.impl.EventImpl.fire(EventImpl.java:67)
	at org.jboss.arquillian.container.test.impl.client.ContainerEventController.execute(ContainerEventController.java:101)
	at sun.reflect.NativeMethodAccessorImpl.invoke0(Native Method)
	at sun.reflect.NativeMethodAccessorImpl.invoke(NativeMethodAccessorImpl.java:62)
	at sun.reflect.DelegatingMethodAccessorImpl.invoke(DelegatingMethodAccessorImpl.java:43)
	at java.lang.reflect.Method.invoke(Method.java:498)
	at org.jboss.arquillian.core.impl.ObserverImpl.invoke(ObserverImpl.java:94)
	at org.jboss.arquillian.core.impl.EventContextImpl.invokeObservers(EventContextImpl.java:99)
	at org.jboss.arquillian.core.impl.EventContextImpl.proceed(EventContextImpl.java:81)
	at org.jboss.arquillian.test.impl.TestContextHandler.createClassContext(TestContextHandler.java:84)
	at sun.reflect.NativeMethodAccessorImpl.invoke0(Native Method)
	at sun.reflect.NativeMethodAccessorImpl.invoke(NativeMethodAccessorImpl.java:62)
	at sun.reflect.DelegatingMethodAccessorImpl.invoke(DelegatingMethodAccessorImpl.java:43)
	at java.lang.reflect.Method.invoke(Method.java:498)
	at org.jboss.arquillian.core.impl.ObserverImpl.invoke(ObserverImpl.java:94)
	at org.jboss.arquillian.core.impl.EventContextImpl.proceed(EventContextImpl.java:88)
	at org.jboss.arquillian.test.impl.TestContextHandler.createSuiteContext(TestContextHandler.java:65)
	at sun.reflect.NativeMethodAccessorImpl.invoke0(Native Method)
	at sun.reflect.NativeMethodAccessorImpl.invoke(NativeMethodAccessorImpl.java:62)
	at sun.reflect.DelegatingMethodAccessorImpl.invoke(DelegatingMethodAccessorImpl.java:43)
	at java.lang.reflect.Method.invoke(Method.java:498)
	at org.jboss.arquillian.core.impl.ObserverImpl.invoke(ObserverImpl.java:94)
	at org.jboss.arquillian.core.impl.EventContextImpl.proceed(EventContextImpl.java:88)
	at org.jboss.arquillian.core.impl.ManagerImpl.fire(ManagerImpl.java:135)
	at org.jboss.arquillian.core.impl.ManagerImpl.fire(ManagerImpl.java:115)
	at org.jboss.arquillian.test.impl.EventTestRunnerAdaptor.beforeClass(EventTestRunnerAdaptor.java:80)
	at org.jboss.arquillian.junit.Arquillian$2.evaluate(Arquillian.java:182)
	at org.jboss.arquillian.junit.Arquillian.multiExecute(Arquillian.java:314)
	at org.jboss.arquillian.junit.Arquillian.access$100(Arquillian.java:46)
	at org.jboss.arquillian.junit.Arquillian$3.evaluate(Arquillian.java:199)
	at org.junit.runners.ParentRunner.run(ParentRunner.java:363)
	at org.jboss.arquillian.junit.Arquillian.run(Arquillian.java:147)
	at org.apache.maven.surefire.junit4.JUnit4Provider.execute(JUnit4Provider.java:264)
	at org.apache.maven.surefire.junit4.JUnit4Provider.executeTestSet(JUnit4Provider.java:153)
	at org.apache.maven.surefire.junit4.JUnit4Provider.invoke(JUnit4Provider.java:124)
	at org.apache.maven.surefire.booter.ForkedBooter.invokeProviderInSameClassLoader(ForkedBooter.java:200)
	at org.apache.maven.surefire.booter.ForkedBooter.runSuitesInProcess(ForkedBooter.java:153)
	at org.apache.maven.surefire.booter.ForkedBooter.main(ForkedBooter.java:103)
</error>
    <system-out><![CDATA[16:46:17,564 INFO  [org.jboss.as.repository] (management-handler-thread - 4) WFLYDR0001: Content added at location D:\Juliano\Aula 04-05-2019\wildfly-10.1.0.Final\standalone\data\content\f5\d2dcafb1107bef5136bf9e08897ec0cece8ee3\content
16:46:17,580 INFO  [org.jboss.as.server.deployment] (MSC service thread 1-7) WFLYSRV0027: Starting deployment of "vbank.war" (runtime-name: "vbank.war")
16:46:19,701 INFO  [org.jboss.as.jpa] (MSC service thread 1-8) WFLYJPA0002: Read persistence.xml for vbankpu
16:46:19,701 WARN  [org.jboss.as.connector] (MSC service thread 1-8) WFLYJCA0091: -ds.xml file deployments are deprecated. Support may be removed in a future version.
16:46:19,795 INFO  [org.jboss.as.connector.subsystems.datasources] (MSC service thread 1-2) WFLYJCA0001: Bound data source [java:jboss/datasources/vbank]
16:46:19,795 INFO  [org.jboss.as.jpa] (ServerService Thread Pool -- 2) WFLYJPA0010: Starting Persistence Unit (phase 1 of 2) Service 'vbank.war#vbankpu'
16:46:19,795 INFO  [org.hibernate.jpa.internal.util.LogHelper] (ServerService Thread Pool -- 2) HHH000204: Processing PersistenceUnitInfo [
	name: vbankpu
	...]
16:46:19,811 INFO  [org.jboss.weld.deployer] (MSC service thread 1-7) WFLYWELD0003: Processing weld deployment vbank.war
16:46:19,826 INFO  [org.jboss.as.ejb3.deployment] (MSC service thread 1-7) WFLYEJB0473: JNDI bindings for session bean named 'TestEntityRepositoryImpl' in deployment unit 'deployment "vbank.war"' are as follows:

	java:global/vbank/TestEntityRepositoryImpl!br.com.rp.repository.TestEntityRepository
	java:app/vbank/TestEntityRepositoryImpl!br.com.rp.repository.TestEntityRepository
	java:module/TestEntityRepositoryImpl!br.com.rp.repository.TestEntityRepository
	java:global/vbank/TestEntityRepositoryImpl
	java:app/vbank/TestEntityRepositoryImpl
	java:module/TestEntityRepositoryImpl

16:46:19,826 INFO  [org.jboss.as.ejb3.deployment] (MSC service thread 1-7) WFLYEJB0473: JNDI bindings for session bean named 'LogRemovalTimer' in deployment unit 'deployment "vbank.war"' are as follows:

	java:global/vbank/LogRemovalTimer!br.com.rp.services.LogRemovalTimer
	java:app/vbank/LogRemovalTimer!br.com.rp.services.LogRemovalTimer
	java:module/LogRemovalTimer!br.com.rp.services.LogRemovalTimer
	java:global/vbank/LogRemovalTimer
	java:app/vbank/LogRemovalTimer
	java:module/LogRemovalTimer

16:46:19,826 INFO  [org.jboss.as.ejb3.deployment] (MSC service thread 1-7) WFLYEJB0473: JNDI bindings for session bean named 'ArquivoService' in deployment unit 'deployment "vbank.war"' are as follows:

	java:global/vbank/ArquivoService!br.com.rp.services.ArquivoService
	java:app/vbank/ArquivoService!br.com.rp.services.ArquivoService
	java:module/ArquivoService!br.com.rp.services.ArquivoService
	java:global/vbank/ArquivoService
	java:app/vbank/ArquivoService
	java:module/ArquivoService

16:46:19,826 INFO  [org.jboss.as.ejb3.deployment] (MSC service thread 1-7) WFLYEJB0473: JNDI bindings for session bean named 'LogRemovedObserver' in deployment unit 'deployment "vbank.war"' are as follows:

	java:global/vbank/LogRemovedObserver!br.com.rp.services.LogRemovedObserver
	java:app/vbank/LogRemovedObserver!br.com.rp.services.LogRemovedObserver
	java:module/LogRemovedObserver!br.com.rp.services.LogRemovedObserver
	java:global/vbank/LogRemovedObserver
	java:app/vbank/LogRemovedObserver
	java:module/LogRemovedObserver

16:46:19,826 INFO  [org.jboss.as.ejb3.deployment] (MSC service thread 1-7) WFLYEJB0473: JNDI bindings for session bean named 'PessoaRepository' in deployment unit 'deployment "vbank.war"' are as follows:

	java:global/vbank/PessoaRepository!br.com.rp.repository.IPessoaRepository
	java:app/vbank/PessoaRepository!br.com.rp.repository.IPessoaRepository
	java:module/PessoaRepository!br.com.rp.repository.IPessoaRepository
	java:global/vbank/PessoaRepository
	java:app/vbank/PessoaRepository
	java:module/PessoaRepository

16:46:19,826 INFO  [org.jboss.as.ejb3.deployment] (MSC service thread 1-7) WFLYEJB0473: JNDI bindings for session bean named 'LogRepositoryImpl' in deployment unit 'deployment "vbank.war"' are as follows:

	java:global/vbank/LogRepositoryImpl!br.com.rp.repository.LogRepository
	java:app/vbank/LogRepositoryImpl!br.com.rp.repository.LogRepository
	java:module/LogRepositoryImpl!br.com.rp.repository.LogRepository
	java:global/vbank/LogRepositoryImpl
	java:app/vbank/LogRepositoryImpl
	java:module/LogRepositoryImpl

16:46:19,826 INFO  [org.jboss.as.ejb3.deployment] (MSC service thread 1-7) WFLYEJB0473: JNDI bindings for session bean named 'LogService' in deployment unit 'deployment "vbank.war"' are as follows:

	java:global/vbank/LogService!br.com.rp.services.LogService
	java:app/vbank/LogService!br.com.rp.services.LogService
	java:module/LogService!br.com.rp.services.LogService
	java:global/vbank/LogService
	java:app/vbank/LogService
	java:module/LogService

16:46:19,920 INFO  [org.infinispan.configuration.cache.EvictionConfigurationBuilder] (ServerService Thread Pool -- 2) ISPN000152: Passivation configured without an eviction policy being selected. Only manually evicted entities will be passivated.
16:46:19,920 INFO  [org.infinispan.configuration.cache.EvictionConfigurationBuilder] (ServerService Thread Pool -- 2) ISPN000152: Passivation configured without an eviction policy being selected. Only manually evicted entities will be passivated.
16:46:19,920 INFO  [org.jboss.as.connector.deployers.jdbc] (MSC service thread 1-7) WFLYJCA0004: Deploying JDBC-compliant driver class org.h2.Driver (version 1.4)
16:46:19,935 INFO  [org.jboss.as.clustering.infinispan] (ServerService Thread Pool -- 2) WFLYCLINF0002: Started client-mappings cache from ejb container
16:46:19,935 INFO  [org.jboss.as.connector.deployers.jdbc] (MSC service thread 1-4) WFLYJCA0018: Started Driver service with driver-name = vbank.war_org.h2.Driver_1_4
16:46:19,951 INFO  [org.jboss.as.jpa] (ServerService Thread Pool -- 2) WFLYJPA0010: Starting Persistence Unit (phase 2 of 2) Service 'vbank.war#vbankpu'
16:46:19,951 INFO  [org.hibernate.dialect.Dialect] (ServerService Thread Pool -- 2) HHH000400: Using dialect: org.hibernate.dialect.HSQLDialect
16:46:19,967 INFO  [org.hibernate.envers.boot.internal.EnversServiceImpl] (ServerService Thread Pool -- 2) Envers integration enabled? : true
16:46:19,967 ERROR [org.jboss.msc.service.fail] (ServerService Thread Pool -- 2) MSC000001: Failed to start service jboss.persistenceunit."vbank.war#vbankpu": org.jboss.msc.service.StartException in service jboss.persistenceunit."vbank.war#vbankpu": javax.persistence.PersistenceException: [PersistenceUnit: vbankpu] Unable to build Hibernate SessionFactory
	at org.jboss.as.jpa.service.PersistenceUnitServiceImpl$1$1.run(PersistenceUnitServiceImpl.java:179)
	at org.jboss.as.jpa.service.PersistenceUnitServiceImpl$1$1.run(PersistenceUnitServiceImpl.java:121)
	at org.wildfly.security.manager.WildFlySecurityManager.doChecked(WildFlySecurityManager.java:667)
	at org.jboss.as.jpa.service.PersistenceUnitServiceImpl$1.run(PersistenceUnitServiceImpl.java:193)
	at java.util.concurrent.ThreadPoolExecutor.runWorker(ThreadPoolExecutor.java:1149)
	at java.util.concurrent.ThreadPoolExecutor$Worker.run(ThreadPoolExecutor.java:624)
	at java.lang.Thread.run(Thread.java:748)
	at org.jboss.threads.JBossThread.run(JBossThread.java:320)
Caused by: javax.persistence.PersistenceException: [PersistenceUnit: vbankpu] Unable to build Hibernate SessionFactory
	at org.hibernate.jpa.boot.internal.EntityManagerFactoryBuilderImpl.persistenceException(EntityManagerFactoryBuilderImpl.java:954)
	at org.hibernate.jpa.boot.internal.EntityManagerFactoryBuilderImpl.build(EntityManagerFactoryBuilderImpl.java:882)
	at org.jboss.as.jpa.hibernate5.TwoPhaseBootstrapImpl.build(TwoPhaseBootstrapImpl.java:44)
	at org.jboss.as.jpa.service.PersistenceUnitServiceImpl$1$1.run(PersistenceUnitServiceImpl.java:161)
	... 7 more
Caused by: org.hibernate.MappingException: Could not determine type for: java.util.List, at table: EmprestarLivro, for columns: [org.hibernate.mapping.Column(livros)]
	at org.hibernate.mapping.SimpleValue.getType(SimpleValue.java:431)
	at org.hibernate.mapping.SimpleValue.isValid(SimpleValue.java:398)
	at org.hibernate.mapping.Property.isValid(Property.java:225)
	at org.hibernate.mapping.PersistentClass.validate(PersistentClass.java:595)
	at org.hibernate.mapping.RootClass.validate(RootClass.java:265)
	at org.hibernate.boot.internal.MetadataImpl.validate(MetadataImpl.java:329)
	at org.hibernate.boot.internal.SessionFactoryBuilderImpl.build(SessionFactoryBuilderImpl.java:443)
	at org.hibernate.jpa.boot.internal.EntityManagerFactoryBuilderImpl.build(EntityManagerFactoryBuilderImpl.java:879)
	... 9 more

16:46:19,982 ERROR [org.jboss.as.controller.management-operation] (management-handler-thread - 4) WFLYCTL0013: Operation ("deploy") failed - address: ([("deployment" => "vbank.war")]) - failure description: {
    "WFLYCTL0080: Failed services" => {"jboss.persistenceunit.\"vbank.war#vbankpu\"" => "org.jboss.msc.service.StartException in service jboss.persistenceunit.\"vbank.war#vbankpu\": javax.persistence.PersistenceException: [PersistenceUnit: vbankpu] Unable to build Hibernate SessionFactory
    Caused by: javax.persistence.PersistenceException: [PersistenceUnit: vbankpu] Unable to build Hibernate SessionFactory
    Caused by: org.hibernate.MappingException: Could not determine type for: java.util.List, at table: EmprestarLivro, for columns: [org.hibernate.mapping.Column(livros)]"},
    "WFLYCTL0412: Required services that are not installed:" => ["jboss.persistenceunit.\"vbank.war#vbankpu\""],
    "WFLYCTL0180: Services with missing/unavailable dependencies" => undefined
}
16:46:19,982 ERROR [org.jboss.as.server] (management-handler-thread - 4) WFLYSRV0021: Deploy of deployment "vbank.war" was rolled back with the following failure message: 
{
    "WFLYCTL0080: Failed services" => {"jboss.persistenceunit.\"vbank.war#vbankpu\"" => "org.jboss.msc.service.StartException in service jboss.persistenceunit.\"vbank.war#vbankpu\": javax.persistence.PersistenceException: [PersistenceUnit: vbankpu] Unable to build Hibernate SessionFactory
    Caused by: javax.persistence.PersistenceException: [PersistenceUnit: vbankpu] Unable to build Hibernate SessionFactory
    Caused by: org.hibernate.MappingException: Could not determine type for: java.util.List, at table: EmprestarLivro, for columns: [org.hibernate.mapping.Column(livros)]"},
    "WFLYCTL0412: Required services that are not installed:" => ["jboss.persistenceunit.\"vbank.war#vbankpu\""],
    "WFLYCTL0180: Services with missing/unavailable dependencies" => undefined
}
16:46:19,982 INFO  [org.jboss.as.jpa] (ServerService Thread Pool -- 2) WFLYJPA0011: Stopping Persistence Unit (phase 1 of 2) Service 'vbank.war#vbankpu'
16:46:19,982 INFO  [org.jboss.as.connector.deployers.jdbc] (MSC service thread 1-6) WFLYJCA0019: Stopped Driver service with driver-name = vbank.war_org.h2.Driver_1_4
16:46:20,013 INFO  [org.jboss.as.clustering.infinispan] (ServerService Thread Pool -- 2) WFLYCLINF0003: Stopped client-mappings cache from ejb container
16:46:20,013 INFO  [org.jboss.as.connector.subsystems.datasources] (MSC service thread 1-7) WFLYJCA0010: Unbound data source [java:jboss/datasources/vbank]
16:46:20,138 INFO  [org.jboss.as.server.deployment] (MSC service thread 1-4) WFLYSRV0028: Stopped deployment vbank.war (runtime-name: vbank.war) in 154ms
16:46:20,138 INFO  [org.jboss.as.controller] (management-handler-thread - 4) WFLYCTL0183: Service status report
WFLYCTL0184:    New missing/unsatisfied dependencies:
      service jboss.deployment.unit."vbank.war".component.ArquivoService.CREATE (missing) dependents: [service jboss.deployment.unit."vbank.war".component.ArquivoService.START] 
      service jboss.deployment.unit."vbank.war".component.ArquivoService.VIEW."br.com.rp.services.ArquivoService".LOCAL (missing) dependents: [service jboss.deployment.unit."vbank.war".component.ArquivoService.START] 
      service jboss.deployment.unit."vbank.war".component.ArquivoService.WeldInstantiator (missing) dependents: [service jboss.deployment.unit."vbank.war".component.ArquivoService.START] 
      service jboss.deployment.unit."vbank.war".component.ArquivoService.ejb.non-functional-timerservice (missing) dependents: [service jboss.deployment.unit."vbank.war".component.ArquivoService.START] 
      service jboss.deployment.unit."vbank.war".component.LogService.VIEW."br.com.rp.services.LogService".LOCAL (missing) dependents: [service jboss.deployment.unit."vbank.war".component.LogService.START] 
      service jboss.deployment.unit."vbank.war".component."com.sun.faces.config.ConfigureListener".CREATE (missing) dependents: [service jboss.deployment.unit."vbank.war".component."com.sun.faces.config.ConfigureListener".START] 
      service jboss.deployment.unit."vbank.war".component."com.sun.faces.config.ConfigureListener".WeldInstantiator (missing) dependents: [service jboss.deployment.unit."vbank.war".component."com.sun.faces.config.ConfigureListener".START] 
      service jboss.deployment.unit."vbank.war".component."javax.servlet.jsp.jstl.tlv.PermittedTaglibsTLV".CREATE (missing) dependents: [service jboss.deployment.unit."vbank.war".component."javax.servlet.jsp.jstl.tlv.PermittedTaglibsTLV".START] 
      service jboss.deployment.unit."vbank.war".component."javax.servlet.jsp.jstl.tlv.PermittedTaglibsTLV".WeldInstantiator (missing) dependents: [service jboss.deployment.unit."vbank.war".component."javax.servlet.jsp.jstl.tlv.PermittedTaglibsTLV".START] 
      service jboss.deployment.unit."vbank.war".component."javax.servlet.jsp.jstl.tlv.ScriptFreeTLV".CREATE (missing) dependents: [service jboss.deployment.unit."vbank.war".component."javax.servlet.jsp.jstl.tlv.ScriptFreeTLV".START] 
      service jboss.deployment.unit."vbank.war".component."javax.servlet.jsp.jstl.tlv.ScriptFreeTLV".WeldInstantiator (missing) dependents: [service jboss.deployment.unit."vbank.war".component."javax.servlet.jsp.jstl.tlv.ScriptFreeTLV".START] 
WFLYCTL0185:    Newly corrected services:
      service jboss.deployment.unit."vbank.war".component.LogRemovalTimer.CREATE (no longer required)
      service jboss.deployment.unit."vbank.war".component.LogRemovalTimer.JndiBindingsService (no longer required)
      service jboss.deployment.unit."vbank.war".component.LogRemovedObserver.JndiBindingsService (no longer required)
      service jboss.deployment.unit."vbank.war".component.LogRemovedObserver.WeldInterceptorBindingsService (no longer required)
      service jboss.deployment.unit."vbank.war".component.LogRepositoryImpl.CREATE (no longer required)
      service jboss.deployment.unit."vbank.war".component.LogRepositoryImpl.JndiBindingsService (no longer required)
      service jboss.deployment.unit."vbank.war".component.LogService.CREATE (no longer required)
      service jboss.deployment.unit."vbank.war".component.LogService.JndiBindingsService (no longer required)
      service jboss.deployment.unit."vbank.war".component.LogService.WeldInstantiator (no longer required)
      service jboss.deployment.unit."vbank.war".component.LogService.ejb.non-functional-timerservice (no longer required)
      service jboss.deployment.unit."vbank.war".component.PessoaRepository.JndiBindingsService (no longer required)
      service jboss.deployment.unit."vbank.war".component.PessoaRepository.WeldInstantiator (no longer required)
      service jboss.deployment.unit."vbank.war".component.TestEntityRepositoryImpl.CREATE (no longer required)
      service jboss.deployment.unit."vbank.war".component.TestEntityRepositoryImpl.JndiBindingsService (no longer required)
      service jboss.deployment.unit."vbank.war".component.TestEntityRepositoryImpl.VIEW."br.com.rp.repository.TestEntityRepository".LOCAL (no longer required)
      service jboss.deployment.unit."vbank.war".component.TestEntityRepositoryImpl.WeldInstantiator (no longer required)
      service jboss.deployment.unit."vbank.war".component.TestEntityRepositoryImpl.WeldInterceptorBindingsService (no longer required)
      service jboss.deployment.unit."vbank.war".component.TestEntityRepositoryImpl.ejb.non-functional-timerservice (no longer required)
      service jboss.deployment.unit."vbank.war".component."com.sun.faces.config.ConfigureListener".JndiBindingsService (no longer required)
      service jboss.deployment.unit."vbank.war".component."javax.faces.webapp.FacetTag".CREATE (no longer required)
      service jboss.deployment.unit."vbank.war".component."javax.faces.webapp.FacetTag".JndiBindingsService (no longer required)
      service jboss.deployment.unit."vbank.war".component."javax.faces.webapp.FacetTag".WeldInstantiator (no longer required)
      service jboss.deployment.unit."vbank.war".component."javax.servlet.jsp.jstl.tlv.PermittedTaglibsTLV".JndiBindingsService (no longer required)
      service jboss.deployment.unit."vbank.war".component."javax.servlet.jsp.jstl.tlv.ScriptFreeTLV".JndiBindingsService (no longer required)
      service jboss.deployment.unit."vbank.war".component."org.jboss.arquillian.protocol.servlet.runner.ServletTestRunner".JndiBindingsService (no longer required)
      service jboss.deployment.unit."vbank.war".component."org.jboss.arquillian.protocol.servlet.runner.ServletTestRunner".WeldInstantiator (no longer required)
      service jboss.deployment.unit."vbank.war".component."org.jboss.weld.servlet.WeldTerminalListener".CREATE (no longer required)
      service jboss.deployment.unit."vbank.war".component."org.jboss.weld.servlet.WeldTerminalListener".JndiBindingsService (no longer required)
      service jboss.deployment.unit."vbank.war".ee.ComponentRegistry (no longer required)
      service jboss.naming.context.java.app.vbank.env (no longer required)
      service jboss.naming.context.java.module.vbank.vbank.BeanManager (no longer required)
      service jboss.naming.context.java.module.vbank.vbank.DefaultDataSource (no longer required)
      service jboss.naming.context.java.module.vbank.vbank.DefaultManagedExecutorService (no longer required)
      service jboss.naming.context.java.module.vbank.vbank.DefaultManagedThreadFactory (no longer required)
      service jboss.naming.context.java.module.vbank.vbank.EJBContext (no longer required)
      service jboss.naming.context.java.module.vbank.vbank.TimerService (no longer required)
      service jboss.naming.context.java.module.vbank.vbank.TransactionSynchronizationRegistry (no longer required)
      service jboss.naming.context.java.module.vbank.vbank.UserTransaction (no longer required)
      service jboss.naming.context.java.module.vbank.vbank.env."br.com.rp.services.LogService".repository (no longer required)
      service org.wildfly.request-controller.control-point."vbank.war".undertow (no longer required)
WFLYCTL0186:   Services which failed to start:      service jboss.persistenceunit."vbank.war#vbankpu"

2019-05-04 16:46:20 WARN  ArchiveDeployer:57 - Cannot undeploy: vbank.war
org.jboss.as.controller.client.helpers.standalone.ServerDeploymentHelper$ServerDeploymentException: java.lang.Exception: "WFLYCTL0216: Management resource '[(\"deployment\" => \"vbank.war\")]' not found"
	at org.jboss.as.controller.client.helpers.standalone.ServerDeploymentHelper.undeploy(ServerDeploymentHelper.java:114)
	at org.jboss.as.arquillian.container.ArchiveDeployer.undeploy(ArchiveDeployer.java:55)
	at org.jboss.as.arquillian.container.CommonDeployableContainer.undeploy(CommonDeployableContainer.java:152)
	at org.jboss.arquillian.container.impl.client.container.ContainerDeployController$4.call(ContainerDeployController.java:205)
	at org.jboss.arquillian.container.impl.client.container.ContainerDeployController$4.call(ContainerDeployController.java:185)
	at org.jboss.arquillian.container.impl.client.container.ContainerDeployController.executeOperation(ContainerDeployController.java:271)
	at org.jboss.arquillian.container.impl.client.container.ContainerDeployController.undeploy(ContainerDeployController.java:184)
	at sun.reflect.NativeMethodAccessorImpl.invoke0(Native Method)
	at sun.reflect.NativeMethodAccessorImpl.invoke(NativeMethodAccessorImpl.java:62)
	at sun.reflect.DelegatingMethodAccessorImpl.invoke(DelegatingMethodAccessorImpl.java:43)
	at java.lang.reflect.Method.invoke(Method.java:498)
	at org.jboss.arquillian.core.impl.ObserverImpl.invoke(ObserverImpl.java:94)
	at org.jboss.arquillian.core.impl.EventContextImpl.invokeObservers(EventContextImpl.java:99)
	at org.jboss.arquillian.core.impl.EventContextImpl.proceed(EventContextImpl.java:81)
	at org.jboss.arquillian.container.impl.client.ContainerDeploymentContextHandler.createDeploymentContext(ContainerDeploymentContextHandler.java:78)
	at sun.reflect.NativeMethodAccessorImpl.invoke0(Native Method)
	at sun.reflect.NativeMethodAccessorImpl.invoke(NativeMethodAccessorImpl.java:62)
	at sun.reflect.DelegatingMethodAccessorImpl.invoke(DelegatingMethodAccessorImpl.java:43)
	at java.lang.reflect.Method.invoke(Method.java:498)
	at org.jboss.arquillian.core.impl.ObserverImpl.invoke(ObserverImpl.java:94)
	at org.jboss.arquillian.core.impl.EventContextImpl.proceed(EventContextImpl.java:88)
	at org.jboss.arquillian.container.impl.client.ContainerDeploymentContextHandler.createContainerContext(ContainerDeploymentContextHandler.java:57)
	at sun.reflect.NativeMethodAccessorImpl.invoke0(Native Method)
	at sun.reflect.NativeMethodAccessorImpl.invoke(NativeMethodAccessorImpl.java:62)
	at sun.reflect.DelegatingMethodAccessorImpl.invoke(DelegatingMethodAccessorImpl.java:43)
	at java.lang.reflect.Method.invoke(Method.java:498)
	at org.jboss.arquillian.core.impl.ObserverImpl.invoke(ObserverImpl.java:94)
	at org.jboss.arquillian.core.impl.EventContextImpl.proceed(EventContextImpl.java:88)
	at org.jboss.arquillian.core.impl.ManagerImpl.fire(ManagerImpl.java:135)
	at org.jboss.arquillian.core.impl.ManagerImpl.fire(ManagerImpl.java:115)
	at org.jboss.arquillian.core.impl.EventImpl.fire(EventImpl.java:67)
	at org.jboss.arquillian.container.impl.client.container.ContainerDeployController$2.perform(ContainerDeployController.java:119)
	at org.jboss.arquillian.container.impl.client.container.ContainerDeployController$2.perform(ContainerDeployController.java:110)
	at org.jboss.arquillian.container.impl.client.container.ContainerDeployController.forEachDeployment(ContainerDeployController.java:263)
	at org.jboss.arquillian.container.impl.client.container.ContainerDeployController.forEachDeployedDeployment(ContainerDeployController.java:249)
	at org.jboss.arquillian.container.impl.client.container.ContainerDeployController.undeployManaged(ContainerDeployController.java:109)
	at sun.reflect.NativeMethodAccessorImpl.invoke0(Native Method)
	at sun.reflect.NativeMethodAccessorImpl.invoke(NativeMethodAccessorImpl.java:62)
	at sun.reflect.DelegatingMethodAccessorImpl.invoke(DelegatingMethodAccessorImpl.java:43)
	at java.lang.reflect.Method.invoke(Method.java:498)
	at org.jboss.arquillian.core.impl.ObserverImpl.invoke(ObserverImpl.java:94)
	at org.jboss.arquillian.core.impl.EventContextImpl.invokeObservers(EventContextImpl.java:99)
	at org.jboss.arquillian.core.impl.EventContextImpl.proceed(EventContextImpl.java:81)
	at org.jboss.arquillian.core.impl.ManagerImpl.fire(ManagerImpl.java:135)
	at org.jboss.arquillian.core.impl.ManagerImpl.fire(ManagerImpl.java:115)
	at org.jboss.arquillian.core.impl.EventImpl.fire(EventImpl.java:67)
	at org.jboss.arquillian.container.test.impl.client.ContainerEventController.execute(ContainerEventController.java:108)
	at sun.reflect.NativeMethodAccessorImpl.invoke0(Native Method)
	at sun.reflect.NativeMethodAccessorImpl.invoke(NativeMethodAccessorImpl.java:62)
	at sun.reflect.DelegatingMethodAccessorImpl.invoke(DelegatingMethodAccessorImpl.java:43)
	at java.lang.reflect.Method.invoke(Method.java:498)
	at org.jboss.arquillian.core.impl.ObserverImpl.invoke(ObserverImpl.java:94)
	at org.jboss.arquillian.core.impl.EventContextImpl.invokeObservers(EventContextImpl.java:99)
	at org.jboss.arquillian.core.impl.EventContextImpl.proceed(EventContextImpl.java:81)
	at org.jboss.arquillian.test.impl.TestContextHandler.createClassContext(TestContextHandler.java:84)
	at sun.reflect.NativeMethodAccessorImpl.invoke0(Native Method)
	at sun.reflect.NativeMethodAccessorImpl.invoke(NativeMethodAccessorImpl.java:62)
	at sun.reflect.DelegatingMethodAccessorImpl.invoke(DelegatingMethodAccessorImpl.java:43)
	at java.lang.reflect.Method.invoke(Method.java:498)
	at org.jboss.arquillian.core.impl.ObserverImpl.invoke(ObserverImpl.java:94)
	at org.jboss.arquillian.core.impl.EventContextImpl.proceed(EventContextImpl.java:88)
	at org.jboss.arquillian.test.impl.TestContextHandler.createSuiteContext(TestContextHandler.java:65)
	at sun.reflect.NativeMethodAccessorImpl.invoke0(Native Method)
	at sun.reflect.NativeMethodAccessorImpl.invoke(NativeMethodAccessorImpl.java:62)
	at sun.reflect.DelegatingMethodAccessorImpl.invoke(DelegatingMethodAccessorImpl.java:43)
	at java.lang.reflect.Method.invoke(Method.java:498)
	at org.jboss.arquillian.core.impl.ObserverImpl.invoke(ObserverImpl.java:94)
	at org.jboss.arquillian.core.impl.EventContextImpl.proceed(EventContextImpl.java:88)
	at org.jboss.arquillian.core.impl.ManagerImpl.fire(ManagerImpl.java:135)
	at org.jboss.arquillian.core.impl.ManagerImpl.fire(ManagerImpl.java:115)
	at org.jboss.arquillian.test.impl.EventTestRunnerAdaptor.afterClass(EventTestRunnerAdaptor.java:87)
	at org.jboss.arquillian.junit.Arquillian$3$1.evaluate(Arquillian.java:204)
	at org.jboss.arquillian.junit.Arquillian.multiExecute(Arquillian.java:314)
	at org.jboss.arquillian.junit.Arquillian.access$100(Arquillian.java:46)
	at org.jboss.arquillian.junit.Arquillian$3.evaluate(Arquillian.java:199)
	at org.junit.runners.ParentRunner.run(ParentRunner.java:363)
	at org.jboss.arquillian.junit.Arquillian.run(Arquillian.java:147)
	at org.apache.maven.surefire.junit4.JUnit4Provider.execute(JUnit4Provider.java:264)
	at org.apache.maven.surefire.junit4.JUnit4Provider.executeTestSet(JUnit4Provider.java:153)
	at org.apache.maven.surefire.junit4.JUnit4Provider.invoke(JUnit4Provider.java:124)
	at org.apache.maven.surefire.booter.ForkedBooter.invokeProviderInSameClassLoader(ForkedBooter.java:200)
	at org.apache.maven.surefire.booter.ForkedBooter.runSuitesInProcess(ForkedBooter.java:153)
	at org.apache.maven.surefire.booter.ForkedBooter.main(ForkedBooter.java:103)
Caused by: java.lang.Exception: "WFLYCTL0216: Management resource '[(\"deployment\" => \"vbank.war\")]' not found"
	at org.jboss.as.controller.client.helpers.standalone.impl.ServerDeploymentPlanResultFuture.getActionResult(ServerDeploymentPlanResultFuture.java:134)
	at org.jboss.as.controller.client.helpers.standalone.impl.ServerDeploymentPlanResultFuture.getResultFromNode(ServerDeploymentPlanResultFuture.java:123)
	at org.jboss.as.controller.client.helpers.standalone.impl.ServerDeploymentPlanResultFuture.get(ServerDeploymentPlanResultFuture.java:85)
	at org.jboss.as.controller.client.helpers.standalone.impl.ServerDeploymentPlanResultFuture.get(ServerDeploymentPlanResultFuture.java:42)
	at org.jboss.as.controller.client.helpers.standalone.ServerDeploymentHelper.undeploy(ServerDeploymentHelper.java:107)
	... 82 more
]]></system-out>
  </testcase>
</testsuite>